..\ControlPC\lib\AudioManager.ilk
..\ControlPC\lib\AudioManager.pdb
E:\BARTOSZ\DOCUMENTS\DEVELOPMENT\CONTROLPC\WINDOWS\CONTROLPC\LIB\AUDIOMANAGER.DLL
E:\BARTOSZ\DOCUMENTS\DEVELOPMENT\CONTROLPC\WINDOWS\CONTROLPC\LIB\AUDIOMANAGER.ILK
E:\BARTOSZ\DOCUMENTS\DEVELOPMENT\CONTROLPC\WINDOWS\CONTROLPC\LIB\AUDIOMANAGER.PDB
E:\Bartosz\Documents\Development\ControlPC\Windows\VistaAudio\..\ControlPC\lib\AudioManager.dll
E:\BARTOSZ\DOCUMENTS\DEVELOPMENT\CONTROLPC\WINDOWS\VISTAAUDIO\DEBUG\.NETFRAMEWORK,VERSION=V4.0.ASSEMBLYATTRIBUTES.OBJ
E:\BARTOSZ\DOCUMENTS\DEVELOPMENT\CONTROLPC\WINDOWS\VISTAAUDIO\DEBUG\AUDIOMANAGER.DLL.INTERMEDIATE.MANIFEST
E:\BARTOSZ\DOCUMENTS\DEVELOPMENT\CONTROLPC\WINDOWS\VISTAAUDIO\DEBUG\AUDIOMANAGER.OBJ
E:\BARTOSZ\DOCUMENTS\DEVELOPMENT\CONTROLPC\WINDOWS\VISTAAUDIO\DEBUG\AUDIOMANAGER.PCH
E:\Bartosz\Documents\Development\ControlPC\Windows\VistaAudio\Debug\cl.command.1.tlog
E:\Bartosz\Documents\Development\ControlPC\Windows\VistaAudio\Debug\CL.read.1.tlog
E:\Bartosz\Documents\Development\ControlPC\Windows\VistaAudio\Debug\CL.write.1.tlog
E:\BARTOSZ\DOCUMENTS\DEVELOPMENT\CONTROLPC\WINDOWS\VISTAAUDIO\DEBUG\KISS_FFT.OBJ
E:\BARTOSZ\DOCUMENTS\DEVELOPMENT\CONTROLPC\WINDOWS\VISTAAUDIO\DEBUG\KISS_FFTR.OBJ
E:\Bartosz\Documents\Development\ControlPC\Windows\VistaAudio\Debug\link.9692.read.1.tlog
E:\Bartosz\Documents\Development\ControlPC\Windows\VistaAudio\Debug\link.9692.write.1.tlog
E:\Bartosz\Documents\Development\ControlPC\Windows\VistaAudio\Debug\link.command.1.tlog
E:\Bartosz\Documents\Development\ControlPC\Windows\VistaAudio\Debug\link.read.1.tlog
E:\Bartosz\Documents\Development\ControlPC\Windows\VistaAudio\Debug\link.write.1.tlog
E:\Bartosz\Documents\Development\ControlPC\Windows\VistaAudio\Debug\mt.command.1.tlog
E:\Bartosz\Documents\Development\ControlPC\Windows\VistaAudio\Debug\mt.read.1.tlog
E:\Bartosz\Documents\Development\ControlPC\Windows\VistaAudio\Debug\mt.write.1.tlog
E:\BARTOSZ\DOCUMENTS\DEVELOPMENT\CONTROLPC\WINDOWS\VISTAAUDIO\DEBUG\STDAFX.OBJ
E:\BARTOSZ\DOCUMENTS\DEVELOPMENT\CONTROLPC\WINDOWS\VISTAAUDIO\DEBUG\VC100.PDB
E:\BARTOSZ\DOCUMENTS\DEVELOPMENT\CONTROLPC\WINDOWS\VISTAAUDIO\DEBUG\VISTAAUDIO.OBJ
